17:13:04 **** Incremental Build of configuration Debug for project Clase_14_PARCIAL ****
Info: Internal Builder is used for build
gcc -O0 -g3 -Wall -c -fmessage-length=0 -o "src\\aviso.o" "..\\src\\aviso.c" 
gcc -o Clase_14_PARCIAL.exe "src\\Clase_14_PARCIAL.o" "src\\aviso.o" "src\\cliente.o" "src\\clienteAviso.o" "src\\informes.o" "src\\utn.o" 
Info: Nothing to build for Clase_14_PARCIAL
17:16:48 **** Incremental Build of configuration Debug for project Clase_14_PARCIAL ****
Info: Internal Builder is used for build
gcc -O0 -g3 -Wall -c -fmessage-length=0 -o "src\\Clase_14_PARCIAL.o" "..\\src\\Clase_14_PARCIAL.c" 
gcc -o Clase_14_PARCIAL.exe "src\\Clase_14_PARCIAL.o" "src\\aviso.o" "src\\cliente.o" "src\\clienteAviso.o" "src\\informes.o" "src\\utn.o" 
Info: Nothing to build for Clase_14_PARCIAL
17:20:24 **** Incremental Build of configuration Debug for project Clase_14_PARCIAL ****
Info: Internal Builder is used for build
gcc -O0 -g3 -Wall -c -fmessage-length=0 -o "src\\Clase_14_PARCIAL.o" "..\\src\\Clase_14_PARCIAL.c" 
gcc -o Clase_14_PARCIAL.exe "src\\Clase_14_PARCIAL.o" "src\\aviso.o" "src\\cliente.o" "src\\clienteAviso.o" "src\\informes.o" "src\\utn.o" 
Info: Nothing to build for Clase_14_PARCIAL
Info: Nothing to build for Clase_14_PARCIAL
Info: Nothing to build for Clase_14_PARCIAL
Info: Nothing to build for Clase_14_PARCIAL
17:25:01 **** Incremental Build of configuration Debug for project Clase_14_PARCIAL ****
Info: Internal Builder is used for build
gcc -O0 -g3 -Wall -c -fmessage-length=0 -o "src\\aviso.o" "..\\src\\aviso.c" 
gcc -o Clase_14_PARCIAL.exe "src\\Clase_14_PARCIAL.o" "src\\aviso.o" "src\\cliente.o" "src\\clienteAviso.o" "src\\informes.o" "src\\utn.o" 
Info: Nothing to build for Clase_14_PARCIAL
17:28:12 **** Incremental Build of configuration Debug for project Clase_14_PARCIAL ****
Info: Internal Builder is used for build
gcc -O0 -g3 -Wall -c -fmessage-length=0 -o "src\\aviso.o" "..\\src\\aviso.c" 
gcc -o Clase_14_PARCIAL.exe "src\\Clase_14_PARCIAL.o" "src\\aviso.o" "src\\cliente.o" "src\\clienteAviso.o" "src\\informes.o" "src\\utn.o" 
c:/mingw/bin/../lib/gcc/mingw32/9.2.0/../../../../mingw32/bin/ld.exe: src\aviso.o: in function `aviso_baja':
C:\Users\Hzkr\eclipse-workspace\Laboratorio_2020_1H_Ejercicios\Clase_14_PARCIAL\Debug/../src/aviso.c:185: undefined reference to `aviso_imprimirAvisoPorIdCliente'
c:/mingw/bin/../lib/gcc/mingw32/9.2.0/../../../../mingw32/bin/ld.exe: src\clienteAviso.o: in function `clienteAviso_imprimir':
C:\Users\Hzkr\eclipse-workspace\Laboratorio_2020_1H_Ejercicios\Clase_14_PARCIAL\Debug/../src/clienteAviso.c:30: undefined reference to `aviso_imprimirAvisoPorIdCliente'
collect2.exe: error: ld returned 1 exit status
17:28:57 **** Incremental Build of configuration Debug for project Clase_14_PARCIAL ****
Info: Internal Builder is used for build
gcc -O0 -g3 -Wall -c -fmessage-length=0 -o "src\\aviso.o" "..\\src\\aviso.c" 
gcc -o Clase_14_PARCIAL.exe "src\\Clase_14_PARCIAL.o" "src\\aviso.o" "src\\cliente.o" "src\\clienteAviso.o" "src\\informes.o" "src\\utn.o" 
17:30:16 **** Incremental Build of configuration Debug for project Clase_14_PARCIAL ****
Info: Internal Builder is used for build
gcc -O0 -g3 -Wall -c -fmessage-length=0 -o "src\\Clase_14_PARCIAL.o" "..\\src\\Clase_14_PARCIAL.c" 
gcc -O0 -g3 -Wall -c -fmessage-length=0 -o "src\\aviso.o" "..\\src\\aviso.c" 
gcc -O0 -g3 -Wall -c -fmessage-length=0 -o "src\\clienteAviso.o" "..\\src\\clienteAviso.c" 
gcc -o Clase_14_PARCIAL.exe "src\\Clase_14_PARCIAL.o" "src\\aviso.o" "src\\cliente.o" "src\\clienteAviso.o" "src\\informes.o" "src\\utn.o" 
c:/mingw/bin/../lib/gcc/mingw32/9.2.0/../../../../mingw32/bin/ld.exe: src\Clase_14_PARCIAL.o: in function `main':
C:\Users\Hzkr\eclipse-workspace\Laboratorio_2020_1H_Ejercicios\Clase_14_PARCIAL\Debug/../src/Clase_14_PARCIAL.c:91: undefined reference to `aviso_baja'
collect2.exe: error: ld returned 1 exit status
17:30:27 **** Incremental Build of configuration Debug for project Clase_14_PARCIAL ****
Info: Internal Builder is used for build
gcc -O0 -g3 -Wall -c -fmessage-length=0 -o "src\\Clase_14_PARCIAL.o" "..\\src\\Clase_14_PARCIAL.c" 
gcc -o Clase_14_PARCIAL.exe "src\\Clase_14_PARCIAL.o" "src\\aviso.o" "src\\cliente.o" "src\\clienteAviso.o" "src\\informes.o" "src\\utn.o" 
Info: Nothing to build for Clase_14_PARCIAL
17:36:56 **** Incremental Build of configuration Debug for project Clase_14_PARCIAL ****
Info: Internal Builder is used for build
gcc -O0 -g3 -Wall -c -fmessage-length=0 -o "src\\clienteAviso.o" "..\\src\\clienteAviso.c" 
gcc -O0 -g3 -Wall -c -fmessage-length=0 -o "src\\aviso.o" "..\\src\\aviso.c" 
gcc -O0 -g3 -Wall -c -fmessage-length=0 -o "src\\Clase_14_PARCIAL.o" "..\\src\\Clase_14_PARCIAL.c" 
gcc -O0 -g3 -Wall -c -fmessage-length=0 -o "src\\informes.o" "..\\src\\informes.c" 
gcc -o Clase_14_PARCIAL.exe "src\\Clase_14_PARCIAL.o" "src\\aviso.o" "src\\cliente.o" "src\\clienteAviso.o" "src\\informes.o" "src\\utn.o" 
Info: Nothing to build for Clase_14_PARCIAL
Info: Nothing to build for Clase_14_PARCIAL
Info: Nothing to build for Clase_14_PARCIAL
17:42:56 **** Incremental Build of configuration Debug for project Clase_14_PARCIAL ****
Info: Internal Builder is used for build
gcc -O0 -g3 -Wall -c -fmessage-length=0 -o "src\\Clase_14_PARCIAL.o" "..\\src\\Clase_14_PARCIAL.c" 
..\src\Clase_14_PARCIAL.c: In function 'main':
..\src\Clase_14_PARCIAL.c:45:6: warning: unused variable 'opcionEstado' [-Wunused-variable]
   45 |  int opcionEstado;
      |      ^~~~~~~~~~~~
gcc -o Clase_14_PARCIAL.exe "src\\Clase_14_PARCIAL.o" "src\\aviso.o" "src\\cliente.o" "src\\clienteAviso.o" "src\\informes.o" "src\\utn.o" 
17:43:02 **** Incremental Build of configuration Debug for project Clase_14_PARCIAL ****
Info: Internal Builder is used for build
gcc -O0 -g3 -Wall -c -fmessage-length=0 -o "src\\Clase_14_PARCIAL.o" "..\\src\\Clase_14_PARCIAL.c" 
gcc -o Clase_14_PARCIAL.exe "src\\Clase_14_PARCIAL.o" "src\\aviso.o" "src\\cliente.o" "src\\clienteAviso.o" "src\\informes.o" "src\\utn.o" 
17:43:25 **** Incremental Build of configuration Debug for project Clase_14_PARCIAL ****
Info: Internal Builder is used for build
gcc -O0 -g3 -Wall -c -fmessage-length=0 -o "src\\Clase_14_PARCIAL.o" "..\\src\\Clase_14_PARCIAL.c" 
gcc -o Clase_14_PARCIAL.exe "src\\Clase_14_PARCIAL.o" "src\\aviso.o" "src\\cliente.o" "src\\clienteAviso.o" "src\\informes.o" "src\\utn.o" 
Info: Nothing to build for Clase_14_PARCIAL
Info: Nothing to build for Clase_14_PARCIAL
18:04:58 **** Incremental Build of configuration Debug for project Clase_14_PARCIAL ****
Info: Internal Builder is used for build
gcc -O0 -g3 -Wall -c -fmessage-length=0 -o "src\\Clase_14_PARCIAL.o" "..\\src\\Clase_14_PARCIAL.c" 
gcc -O0 -g3 -Wall -c -fmessage-length=0 -o "src\\informes.o" "..\\src\\informes.c" 
gcc -O0 -g3 -Wall -c -fmessage-length=0 -o "src\\aviso.o" "..\\src\\aviso.c" 
gcc -O0 -g3 -Wall -c -fmessage-length=0 -o "src\\clienteAviso.o" "..\\src\\clienteAviso.c" 
gcc -o Clase_14_PARCIAL.exe "src\\Clase_14_PARCIAL.o" "src\\aviso.o" "src\\cliente.o" "src\\clienteAviso.o" "src\\informes.o" "src\\utn.o" 
c:/mingw/bin/../lib/gcc/mingw32/9.2.0/../../../../mingw32/bin/ld.exe: cannot open output file Clase_14_PARCIAL.exe: Permission denied
collect2.exe: error: ld returned 1 exit status
18:05:03 **** Incremental Build of configuration Debug for project Clase_14_PARCIAL ****
Info: Internal Builder is used for build
gcc -o Clase_14_PARCIAL.exe "src\\Clase_14_PARCIAL.o" "src\\aviso.o" "src\\cliente.o" "src\\clienteAviso.o" "src\\informes.o" "src\\utn.o" 
Info: Nothing to build for Clase_14_PARCIAL
18:11:56 **** Incremental Build of configuration Debug for project Clase_14_PARCIAL ****
Info: Internal Builder is used for build
gcc -O0 -g3 -Wall -c -fmessage-length=0 -o "src\\aviso.o" "..\\src\\aviso.c" 
gcc -o Clase_14_PARCIAL.exe "src\\Clase_14_PARCIAL.o" "src\\aviso.o" "src\\cliente.o" "src\\clienteAviso.o" "src\\informes.o" "src\\utn.o" 
Info: Nothing to build for Clase_14_PARCIAL
18:12:16 **** Incremental Build of configuration Debug for project Clase_14_PARCIAL ****
Info: Internal Builder is used for build
gcc -O0 -g3 -Wall -c -fmessage-length=0 -o "src\\aviso.o" "..\\src\\aviso.c" 
..\src\aviso.c: In function 'aviso_imprimirPorEstado':
..\src\aviso.c:336:1: warning: statement with no effect [-Wunused-value]
  336 | 5
      | ^
..\src\aviso.c:336:2: error: expected ';' before '}' token
  336 | 5
      |  ^
      |  ;
  337 | 
  338 |    }
      |    ~
18:12:18 **** Incremental Build of configuration Debug for project Clase_14_PARCIAL ****
Info: Internal Builder is used for build
gcc -O0 -g3 -Wall -c -fmessage-length=0 -o "src\\aviso.o" "..\\src\\aviso.c" 
..\src\aviso.c: In function 'aviso_imprimirPorEstado':
..\src\aviso.c:336:1: warning: statement with no effect [-Wunused-value]
  336 | 5
      | ^
..\src\aviso.c:336:2: error: expected ';' before '}' token
  336 | 5
      |  ^
      |  ;
  337 | 
  338 |    }
      |    ~
18:12:24 **** Incremental Build of configuration Debug for project Clase_14_PARCIAL ****
Info: Internal Builder is used for build
gcc -O0 -g3 -Wall -c -fmessage-length=0 -o "src\\aviso.o" "..\\src\\aviso.c" 
gcc -o Clase_14_PARCIAL.exe "src\\Clase_14_PARCIAL.o" "src\\aviso.o" "src\\cliente.o" "src\\clienteAviso.o" "src\\informes.o" "src\\utn.o" 
Info: Nothing to build for Clase_14_PARCIAL
Info: Nothing to build for Clase_14_PARCIAL
18:16:52 **** Incremental Build of configuration Debug for project Clase_14_PARCIAL ****
Info: Internal Builder is used for build
gcc -O0 -g3 -Wall -c -fmessage-length=0 -o "src\\aviso.o" "..\\src\\aviso.c" 
gcc -o Clase_14_PARCIAL.exe "src\\Clase_14_PARCIAL.o" "src\\aviso.o" "src\\cliente.o" "src\\clienteAviso.o" "src\\informes.o" "src\\utn.o" 
Info: Nothing to build for Clase_14_PARCIAL
Info: Nothing to build for Clase_14_PARCIAL
Info: Nothing to build for Clase_14_PARCIAL
18:18:13 **** Incremental Build of configuration Debug for project Clase_14_PARCIAL ****
Info: Internal Builder is used for build
gcc -O0 -g3 -Wall -c -fmessage-length=0 -o "src\\aviso.o" "..\\src\\aviso.c" 
gcc -o Clase_14_PARCIAL.exe "src\\Clase_14_PARCIAL.o" "src\\aviso.o" "src\\cliente.o" "src\\clienteAviso.o" "src\\informes.o" "src\\utn.o" 
c:/mingw/bin/../lib/gcc/mingw32/9.2.0/../../../../mingw32/bin/ld.exe: cannot open output file Clase_14_PARCIAL.exe: Permission denied
collect2.exe: error: ld returned 1 exit status
18:18:15 **** Incremental Build of configuration Debug for project Clase_14_PARCIAL ****
Info: Internal Builder is used for build
gcc -o Clase_14_PARCIAL.exe "src\\Clase_14_PARCIAL.o" "src\\aviso.o" "src\\cliente.o" "src\\clienteAviso.o" "src\\informes.o" "src\\utn.o" 
Info: Nothing to build for Clase_14_PARCIAL
18:19:45 **** Incremental Build of configuration Debug for project Clase_14_PARCIAL ****
Info: Internal Builder is used for build
gcc -O0 -g3 -Wall -c -fmessage-length=0 -o "src\\aviso.o" "..\\src\\aviso.c" 
gcc -o Clase_14_PARCIAL.exe "src\\Clase_14_PARCIAL.o" "src\\aviso.o" "src\\cliente.o" "src\\clienteAviso.o" "src\\informes.o" "src\\utn.o" 
Info: Nothing to build for Clase_14_PARCIAL
Info: Nothing to build for Clase_14_PARCIAL
18:37:13 **** Incremental Build of configuration Debug for project Clase_14_PARCIAL ****
Info: Internal Builder is used for build
gcc -O0 -g3 -Wall -c -fmessage-length=0 -o "src\\aviso.o" "..\\src\\aviso.c" 
..\src\aviso.c: In function 'aviso_activar':
..\src\aviso.c:570:1: error: expected declaration or statement at end of input
  570 | }
      | ^
..\src\aviso.c:570:1: warning: control reaches end of non-void function [-Wreturn-type]
  570 | }
      | ^
At top level:
..\src\aviso.c:559:5: warning: 'aviso_borrarPorId' defined but not used [-Wunused-function]
  559 | int aviso_borrarPorId(Aviso * pArrayAviso, int limiteAviso, int idABorrar) {
      |     ^~~~~~~~~~~~~~~~~
..\src\aviso.c:539:5: warning: 'aviso_buscarIndicePorId' defined but not used [-Wunused-function]
  539 | int aviso_buscarIndicePorId (Aviso * pArrayAviso, int limiteAviso, int idBuscado, int * pIndice)
      |     ^~~~~~~~~~~~~~~~~~~~~~~
..\src\aviso.c:523:5: warning: 'aviso_buscarLibreRef' defined but not used [-Wunused-function]
  523 | int aviso_buscarLibreRef (Aviso * pArrayAviso, int limiteAviso, int * pIndice){
      |     ^~~~~~~~~~~~~~~~~~~~
..\src\aviso.c:508:5: warning: 'aviso_buscarLibre' defined but not used [-Wunused-function]
  508 | int aviso_buscarLibre (Aviso * pArrayAviso, int limiteAviso){
      |     ^~~~~~~~~~~~~~~~~
..\src\aviso.c:490:5: warning: 'aviso_contarAvisosPausados' defined but not used [-Wunused-function]
  490 | int aviso_contarAvisosPausados (Aviso * pArrayAviso, int limiteAviso, Cliente * pArrayCliente, int limiteCliente, int estadoAviso)
      |     ^~~~~~~~~~~~~~~~~~~~~~~~~~
..\src\aviso.c:473:5: warning: 'aviso_contarAvisosPorIdCliente' defined but not used [-Wunused-function]
  473 | int aviso_contarAvisosPorIdCliente (Aviso * pArrayAviso, int limiteAviso, Cliente * pArrayCliente, int limiteCliente, int idCliente)
      |     ^~~~~~~~~~~~~~~~~~~~~~~~~~~~~~
..\src\aviso.c:442:5: warning: 'aviso_imprimirTodosLosAvisosPorIdCliente' defined but not used [-Wunused-function]
  442 | int aviso_imprimirTodosLosAvisosPorIdCliente (Aviso * pArrayAviso, int limiteAviso, Cliente * pArrayCliente, int limiteCliente, int idCliente)
      |     ^~~~~~~~~~~~~~~~~~~~~~~~~~~~~~~~~~~~~~~~
..\src\aviso.c:413:5: warning: 'aviso_imprimirAvisoPorIdCliente' defined but not used [-Wunused-function]
  413 | int aviso_imprimirAvisoPorIdCliente (Aviso * pArrayAviso, int limiteAviso, Cliente * pArrayCliente, int limiteCliente, int idCliente)
      |     ^~~~~~~~~~~~~~~~~~~~~~~~~~~~~~~
..\src\aviso.c:392:5: warning: 'aviso_imprimirPorId' defined but not used [-Wunused-function]
  392 | int aviso_imprimirPorId (Aviso * pArrayAviso, int limiteAviso, Cliente * pArrayCliente, int limiteCliente, int idAviso)
      |     ^~~~~~~~~~~~~~~~~~~
..\src\aviso.c:364:5: warning: 'aviso_imprimir' defined but not used [-Wunused-function]
  364 | int aviso_imprimir (Aviso * pArrayAviso, int limiteAviso, Cliente * pArrayCliente, int limiteCliente)
      |     ^~~~~~~~~~~~~~
..\src\aviso.c:312:5: warning: 'aviso_imprimirPorEstado' defined but not used [-Wunused-function]
  312 | int aviso_imprimirPorEstado (Aviso * pArrayAviso, int limiteAviso, Cliente * pArrayCliente, int limiteCliente, int estadoAviso)
      |     ^~~~~~~~~~~~~~~~~~~~~~~
18:37:18 **** Incremental Build of configuration Debug for project Clase_14_PARCIAL ****
Info: Internal Builder is used for build
gcc -O0 -g3 -Wall -c -fmessage-length=0 -o "src\\aviso.o" "..\\src\\aviso.c" 
gcc -o Clase_14_PARCIAL.exe "src\\Clase_14_PARCIAL.o" "src\\aviso.o" "src\\cliente.o" "src\\clienteAviso.o" "src\\informes.o" "src\\utn.o" 
c:/mingw/bin/../lib/gcc/mingw32/9.2.0/../../../../mingw32/bin/ld.exe: cannot open output file Clase_14_PARCIAL.exe: Permission denied
collect2.exe: error: ld returned 1 exit status
18:37:57 **** Incremental Build of configuration Debug for project Clase_14_PARCIAL ****
Info: Internal Builder is used for build
gcc -O0 -g3 -Wall -c -fmessage-length=0 -o "src\\aviso.o" "..\\src\\aviso.c" 
gcc -o Clase_14_PARCIAL.exe "src\\Clase_14_PARCIAL.o" "src\\aviso.o" "src\\cliente.o" "src\\clienteAviso.o" "src\\informes.o" "src\\utn.o" 
18:38:18 **** Incremental Build of configuration Debug for project Clase_14_PARCIAL ****
Info: Internal Builder is used for build
gcc -O0 -g3 -Wall -c -fmessage-length=0 -o "src\\aviso.o" "..\\src\\aviso.c" 
gcc -o Clase_14_PARCIAL.exe "src\\Clase_14_PARCIAL.o" "src\\aviso.o" "src\\cliente.o" "src\\clienteAviso.o" "src\\informes.o" "src\\utn.o" 
Info: Nothing to build for Clase_14_PARCIAL
Info: Nothing to build for Clase_14_PARCIAL
Info: Nothing to build for Clase_14_PARCIAL
Info: Nothing to build for Clase_14_PARCIAL
18:43:54 **** Incremental Build of configuration Debug for project Clase_14_PARCIAL ****
Info: Internal Builder is used for build
gcc -O0 -g3 -Wall -c -fmessage-length=0 -o "src\\aviso.o" "..\\src\\aviso.c" 
gcc -o Clase_14_PARCIAL.exe "src\\Clase_14_PARCIAL.o" "src\\aviso.o" "src\\cliente.o" "src\\clienteAviso.o" "src\\informes.o" "src\\utn.o" 
c:/mingw/bin/../lib/gcc/mingw32/9.2.0/../../../../mingw32/bin/ld.exe: src\clienteAviso.o: in function `clienteAviso_imprimir':
C:\Users\Hzkr\eclipse-workspace\Laboratorio_2020_1H_Ejercicios\Clase_14_PARCIAL\Debug/../src/clienteAviso.c:73: undefined reference to `aviso_imprimirAvisoPorIdCliente'
collect2.exe: error: ld returned 1 exit status
18:44:40 **** Incremental Build of configuration Debug for project Clase_14_PARCIAL ****
Info: Internal Builder is used for build
gcc -O0 -g3 -Wall -c -fmessage-length=0 -o "src\\informes.o" "..\\src\\informes.c" 
gcc -O0 -g3 -Wall -c -fmessage-length=0 -o "src\\clienteAviso.o" "..\\src\\clienteAviso.c" 
gcc -O0 -g3 -Wall -c -fmessage-length=0 -o "src\\Clase_14_PARCIAL.o" "..\\src\\Clase_14_PARCIAL.c" 
gcc -O0 -g3 -Wall -c -fmessage-length=0 -o "src\\aviso.o" "..\\src\\aviso.c" 
gcc -o Clase_14_PARCIAL.exe "src\\Clase_14_PARCIAL.o" "src\\aviso.o" "src\\cliente.o" "src\\clienteAviso.o" "src\\informes.o" "src\\utn.o" 
Info: Nothing to build for Clase_14_PARCIAL
18:45:44 **** Incremental Build of configuration Debug for project Clase_14_PARCIAL ****
Info: Internal Builder is used for build
gcc -O0 -g3 -Wall -c -fmessage-length=0 -o "src\\Clase_14_PARCIAL.o" "..\\src\\Clase_14_PARCIAL.c" 
gcc -O0 -g3 -Wall -c -fmessage-length=0 -o "src\\clienteAviso.o" "..\\src\\clienteAviso.c" 
gcc -O0 -g3 -Wall -c -fmessage-length=0 -o "src\\aviso.o" "..\\src\\aviso.c" 
gcc -o Clase_14_PARCIAL.exe "src\\Clase_14_PARCIAL.o" "src\\aviso.o" "src\\cliente.o" "src\\clienteAviso.o" "src\\informes.o" "src\\utn.o" 
18:46:36 **** Incremental Build of configuration Debug for project Clase_14_PARCIAL ****
Info: Internal Builder is used for build
gcc -O0 -g3 -Wall -c -fmessage-length=0 -o "src\\aviso.o" "..\\src\\aviso.c" 
gcc -O0 -g3 -Wall -c -fmessage-length=0 -o "src\\Clase_14_PARCIAL.o" "..\\src\\Clase_14_PARCIAL.c" 
gcc -O0 -g3 -Wall -c -fmessage-length=0 -o "src\\clienteAviso.o" "..\\src\\clienteAviso.c" 
gcc -o Clase_14_PARCIAL.exe "src\\Clase_14_PARCIAL.o" "src\\aviso.o" "src\\cliente.o" "src\\clienteAviso.o" "src\\informes.o" "src\\utn.o" 
c:/mingw/bin/../lib/gcc/mingw32/9.2.0/../../../../mingw32/bin/ld.exe: src\Clase_14_PARCIAL.o: in function `main':
C:\Users\Hzkr\eclipse-workspace\Laboratorio_2020_1H_Ejercicios\Clase_14_PARCIAL\Debug/../src/Clase_14_PARCIAL.c:121: undefined reference to `clienteAviso_avisosActivosImprimir'
collect2.exe: error: ld returned 1 exit status
18:46:55 **** Incremental Build of configuration Debug for project Clase_14_PARCIAL ****
Info: Internal Builder is used for build
gcc -O0 -g3 -Wall -c -fmessage-length=0 -o "src\\clienteAviso.o" "..\\src\\clienteAviso.c" 
..\src\clienteAviso.c:60:5: error: two or more data types in declaration specifiers
   60 | int int clienteAviso_avisosActivosImprimir (Cliente * pArrayCliente, int limiteCliente, Aviso * pArrayAviso, int limiteAviso)
      |     ^~~
18:47:02 **** Incremental Build of configuration Debug for project Clase_14_PARCIAL ****
Info: Internal Builder is used for build
gcc -O0 -g3 -Wall -c -fmessage-length=0 -o "src\\clienteAviso.o" "..\\src\\clienteAviso.c" 
gcc -o Clase_14_PARCIAL.exe "src\\Clase_14_PARCIAL.o" "src\\aviso.o" "src\\cliente.o" "src\\clienteAviso.o" "src\\informes.o" "src\\utn.o" 
Info: Nothing to build for Clase_14_PARCIAL
Info: Nothing to build for Clase_14_PARCIAL
18:48:17 **** Incremental Build of configuration Debug for project Clase_14_PARCIAL ****
Info: Internal Builder is used for build
gcc -O0 -g3 -Wall -c -fmessage-length=0 -o "src\\aviso.o" "..\\src\\aviso.c" 
gcc -o Clase_14_PARCIAL.exe "src\\Clase_14_PARCIAL.o" "src\\aviso.o" "src\\cliente.o" "src\\clienteAviso.o" "src\\informes.o" "src\\utn.o" 
Info: Nothing to build for Clase_14_PARCIAL
Info: Nothing to build for Clase_14_PARCIAL
Info: Nothing to build for Clase_14_PARCIAL
18:50:12 **** Incremental Build of configuration Debug for project Clase_14_PARCIAL ****
Info: Internal Builder is used for build
gcc -O0 -g3 -Wall -c -fmessage-length=0 -o "src\\informes.o" "..\\src\\informes.c" 
gcc -o Clase_14_PARCIAL.exe "src\\Clase_14_PARCIAL.o" "src\\aviso.o" "src\\cliente.o" "src\\clienteAviso.o" "src\\informes.o" "src\\utn.o" 
18:53:01 **** Incremental Build of configuration Debug for project Clase_14_PARCIAL ****
Info: Internal Builder is used for build
gcc -O0 -g3 -Wall -c -fmessage-length=0 -o "src\\informes.o" "..\\src\\informes.c" 
..\src\informes.c: In function 'informes_calcularCantidadDeAvisosPausados':
..\src\informes.c:58:64: error: lvalue required as left operand of assignment
   58 |    if(pArrayAviso[i].isEmpty == FALSE && pArrayAviso[i].estado = AVISO_PAUSADO)
      |                                                                ^
18:53:04 **** Incremental Build of configuration Debug for project Clase_14_PARCIAL ****
Info: Internal Builder is used for build
gcc -O0 -g3 -Wall -c -fmessage-length=0 -o "src\\Clase_14_PARCIAL.o" "..\\src\\Clase_14_PARCIAL.c" 
gcc -O0 -g3 -Wall -c -fmessage-length=0 -o "src\\informes.o" "..\\src\\informes.c" 
..\src\informes.c: In function 'informes_calcularCantidadDeAvisosPausados':
..\src\informes.c:58:64: error: lvalue required as left operand of assignment
   58 |    if(pArrayAviso[i].isEmpty == FALSE && pArrayAviso[i].estado = AVISO_PAUSADO)
      |                                                                ^
18:53:25 **** Incremental Build of configuration Debug for project Clase_14_PARCIAL ****
Info: Internal Builder is used for build
gcc -O0 -g3 -Wall -c -fmessage-length=0 -o "src\\informes.o" "..\\src\\informes.c" 
gcc -o Clase_14_PARCIAL.exe "src\\Clase_14_PARCIAL.o" "src\\aviso.o" "src\\cliente.o" "src\\clienteAviso.o" "src\\informes.o" "src\\utn.o" 
Info: Nothing to build for Clase_14_PARCIAL
18:56:06 **** Incremental Build of configuration Debug for project Clase_14_PARCIAL ****
Info: Internal Builder is used for build
gcc -O0 -g3 -Wall -c -fmessage-length=0 -o "src\\Clase_14_PARCIAL.o" "..\\src\\Clase_14_PARCIAL.c" 
gcc -O0 -g3 -Wall -c -fmessage-length=0 -o "src\\aviso.o" "..\\src\\aviso.c" 
gcc -o Clase_14_PARCIAL.exe "src\\Clase_14_PARCIAL.o" "src\\aviso.o" "src\\cliente.o" "src\\clienteAviso.o" "src\\informes.o" "src\\utn.o" 
18:56:26 **** Incremental Build of configuration Debug for project Clase_14_PARCIAL ****
Info: Internal Builder is used for build
gcc -O0 -g3 -Wall -c -fmessage-length=0 -o "src\\informes.o" "..\\src\\informes.c" 
gcc -o Clase_14_PARCIAL.exe "src\\Clase_14_PARCIAL.o" "src\\aviso.o" "src\\cliente.o" "src\\clienteAviso.o" "src\\informes.o" "src\\utn.o" 
Info: Nothing to build for Clase_14_PARCIAL
Info: Nothing to build for Clase_14_PARCIAL
19:30:17 **** Incremental Build of configuration Debug for project Clase_14_PARCIAL ****
Info: Internal Builder is used for build
gcc -O0 -g3 -Wall -c -fmessage-length=0 -o "src\\aviso.o" "..\\src\\aviso.c" 
gcc -O0 -g3 -Wall -c -fmessage-length=0 -o "src\\cliente.o" "..\\src\\cliente.c" 
gcc -O0 -g3 -Wall -c -fmessage-length=0 -o "src\\Clase_14_PARCIAL.o" "..\\src\\Clase_14_PARCIAL.c" 
..\src\Clase_14_PARCIAL.c: In function 'main':
..\src\Clase_14_PARCIAL.c:141:59: error: expected ')' before numeric constant
  141 |        int informes_calcularRubroConMasAvisos (arrayAviso, QTY_AVISOS);
      |                                                           ^
      |                                                           )
19:30:33 **** Incremental Build of configuration Debug for project Clase_14_PARCIAL ****
Info: Internal Builder is used for build
gcc -O0 -g3 -Wall -c -fmessage-length=0 -o "src\\informes.o" "..\\src\\informes.c" 
gcc -O0 -g3 -Wall -c -fmessage-length=0 -o "src\\Clase_14_PARCIAL.o" "..\\src\\Clase_14_PARCIAL.c" 
gcc -O0 -g3 -Wall -c -fmessage-length=0 -o "src\\clienteAviso.o" "..\\src\\clienteAviso.c" 
gcc -o Clase_14_PARCIAL.exe "src\\Clase_14_PARCIAL.o" "src\\aviso.o" "src\\cliente.o" "src\\clienteAviso.o" "src\\informes.o" "src\\utn.o" 
Info: Nothing to build for Clase_14_PARCIAL
19:31:50 **** Incremental Build of configuration Debug for project Clase_14_PARCIAL ****
Info: Internal Builder is used for build
gcc -O0 -g3 -Wall -c -fmessage-length=0 -o "src\\informes.o" "..\\src\\informes.c" 
gcc -o Clase_14_PARCIAL.exe "src\\Clase_14_PARCIAL.o" "src\\aviso.o" "src\\cliente.o" "src\\clienteAviso.o" "src\\informes.o" "src\\utn.o" 
19:42:39 **** Incremental Build of configuration Debug for project Clase_14_PARCIAL ****
Info: Internal Builder is used for build
gcc -O0 -g3 -Wall -c -fmessage-length=0 -o "src\\informes.o" "..\\src\\informes.c" 
gcc -o Clase_14_PARCIAL.exe "src\\Clase_14_PARCIAL.o" "src\\aviso.o" "src\\cliente.o" "src\\clienteAviso.o" "src\\informes.o" "src\\utn.o" 
19:51:40 **** Incremental Build of configuration Debug for project Clase_14_PARCIAL ****
Info: Internal Builder is used for build
gcc -O0 -g3 -Wall -c -fmessage-length=0 -o "src\\informes.o" "..\\src\\informes.c" 
gcc -o Clase_14_PARCIAL.exe "src\\Clase_14_PARCIAL.o" "src\\aviso.o" "src\\cliente.o" "src\\clienteAviso.o" "src\\informes.o" "src\\utn.o" 
20:01:31 **** Incremental Build of configuration Debug for project Clase_14_PARCIAL ****
Info: Internal Builder is used for build
gcc -O0 -g3 -Wall -c -fmessage-length=0 -o "src\\informes.o" "..\\src\\informes.c" 
gcc -o Clase_14_PARCIAL.exe "src\\Clase_14_PARCIAL.o" "src\\aviso.o" "src\\cliente.o" "src\\clienteAviso.o" "src\\informes.o" "src\\utn.o" 
20:20:53 **** Incremental Build of configuration Debug for project Clase_14_PARCIAL ****
Info: Internal Builder is used for build
gcc -O0 -g3 -Wall -c -fmessage-length=0 -o "src\\informes.o" "..\\src\\informes.c" 
gcc -o Clase_14_PARCIAL.exe "src\\Clase_14_PARCIAL.o" "src\\aviso.o" "src\\cliente.o" "src\\clienteAviso.o" "src\\informes.o" "src\\utn.o" 
Info: Nothing to build for Clase_14_PARCIAL
Info: Nothing to build for Clase_14_PARCIAL
Info: Nothing to build for Clase_14_PARCIAL
Info: Nothing to build for Clase_14_PARCIAL
20:25:19 **** Incremental Build of configuration Debug for project Clase_14_PARCIAL ****
Info: Internal Builder is used for build
gcc -O0 -g3 -Wall -c -fmessage-length=0 -o "src\\Clase_14_PARCIAL.o" "..\\src\\Clase_14_PARCIAL.c" 
gcc -o Clase_14_PARCIAL.exe "src\\Clase_14_PARCIAL.o" "src\\aviso.o" "src\\cliente.o" "src\\clienteAviso.o" "src\\informes.o" "src\\utn.o" 
Info: Nothing to build for Clase_14_PARCIAL
Info: Nothing to build for Clase_14_PARCIAL
20:25:45 **** Incremental Build of configuration Debug for project Clase_14_PARCIAL ****
Info: Internal Builder is used for build
gcc -O0 -g3 -Wall -c -fmessage-length=0 -o "src\\utn.o" "..\\src\\utn.c" 
gcc -o Clase_14_PARCIAL.exe "src\\Clase_14_PARCIAL.o" "src\\aviso.o" "src\\cliente.o" "src\\clienteAviso.o" "src\\informes.o" "src\\utn.o" 
Info: Nothing to build for Clase_14_PARCIAL
Info: Nothing to build for Clase_14_PARCIAL
Info: Nothing to build for Clase_14_PARCIAL
Info: Nothing to build for Clase_14_PARCIAL
Info: Nothing to build for Clase_14_PARCIAL
Info: Nothing to build for Clase_14_PARCIAL
Info: Nothing to build for Clase_14_PARCIAL
